Analysis & Synthesis report for shifter
Fri Nov 11 21:36:22 2016
Version 5.0 Build 148 04/26/2005 SJ Full Version


---------------------
; Table of Contents ;
---------------------
  1. Legal Notice
  2. Analysis & Synthesis Summary
  3. Analysis & Synthesis Settings
  4. Analysis & Synthesis Source Files Read
  5. Analysis & Synthesis Resource Usage Summary
  6. Analysis & Synthesis Resource Utilization by Entity
  7. General Register Statistics
  8. Multiplexer Restructuring Statistics (Restructuring Performed)
  9. Analysis & Synthesis Equations
 10. Analysis & Synthesis Messages



----------------
; Legal Notice ;
----------------
Copyright (C) 1991-2005 Altera Corporation
Your use of Altera Corporation's design tools, logic functions 
and other software and tools, and its AMPP partner logic       
functions, and any output files any of the foregoing           
(including device programming or simulation files), and any    
associated documentation or information are expressly subject  
to the terms and conditions of the Altera Program License      
Subscription Agreement, Altera MegaCore Function License       
Agreement, or other applicable license agreement, including,   
without limitation, that your use is for the sole purpose of   
programming logic devices manufactured by Altera and sold by   
Altera or its authorized distributors.  Please refer to the    
applicable agreement for further details.



+------------------------------------------------------------------------+
; Analysis & Synthesis Summary                                           ;
+-----------------------------+------------------------------------------+
; Analysis & Synthesis Status ; Successful - Fri Nov 11 21:36:22 2016    ;
; Quartus II Version          ; 5.0 Build 148 04/26/2005 SJ Full Version ;
; Revision Name               ; shifter                                  ;
; Top-level Entity Name       ; shifter                                  ;
; Family                      ; Cyclone                                  ;
; Total logic elements        ; 92                                       ;
; Total pins                  ; 24                                       ;
; Total virtual pins          ; 0                                        ;
; Total memory bits           ; 0                                        ;
; Total PLLs                  ; 0                                        ;
+-----------------------------+------------------------------------------+


+---------------------------------------------------------------------------------------------------+
; Analysis & Synthesis Settings                                                                     ;
+--------------------------------------------------------------------+--------------+---------------+
; Option                                                             ; Setting      ; Default Value ;
+--------------------------------------------------------------------+--------------+---------------+
; Device                                                             ; EP1C6Q240C6  ;               ;
; Top-level entity name                                              ; shifter      ; shifter       ;
; Family name                                                        ; Cyclone      ; Stratix       ;
; Type of Retiming Performed During Resynthesis                      ; Full         ;               ;
; Resynthesis Optimization Effort                                    ; Normal       ;               ;
; Physical Synthesis Level for Resynthesis                           ; Normal       ;               ;
; Use Generated Physical Constraints File                            ; On           ;               ;
; Use smart compilation                                              ; Off          ; Off           ;
; Restructure Multiplexers                                           ; Auto         ; Auto          ;
; Create Debugging Nodes for IP Cores                                ; off          ; off           ;
; Preserve fewer node names                                          ; On           ; On            ;
; Disable OpenCore Plus hardware evaluation                          ; Off          ; Off           ;
; Verilog Version                                                    ; Verilog_2001 ; Verilog_2001  ;
; VHDL Version                                                       ; VHDL93       ; VHDL93        ;
; State Machine Processing                                           ; Auto         ; Auto          ;
; Extract Verilog State Machines                                     ; On           ; On            ;
; Extract VHDL State Machines                                        ; On           ; On            ;
; Add Pass-Through Logic to Inferred RAMs                            ; On           ; On            ;
; NOT Gate Push-Back                                                 ; On           ; On            ;
; Power-Up Don't Care                                                ; On           ; On            ;
; Remove Redundant Logic Cells                                       ; Off          ; Off           ;
; Remove Duplicate Registers                                         ; On           ; On            ;
; Ignore CARRY Buffers                                               ; Off          ; Off           ;
; Ignore CASCADE Buffers                                             ; Off          ; Off           ;
; Ignore GLOBAL Buffers                                              ; Off          ; Off           ;
; Ignore ROW GLOBAL Buffers                                          ; Off          ; Off           ;
; Ignore LCELL Buffers                                               ; Off          ; Off           ;
; Ignore SOFT Buffers                                                ; On           ; On            ;
; Limit AHDL Integers to 32 Bits                                     ; Off          ; Off           ;
; Optimization Technique -- Cyclone                                  ; Balanced     ; Balanced      ;
; Carry Chain Length -- Stratix/Stratix GX/Cyclone/MAX II/Cyclone II ; 70           ; 70            ;
; Auto Carry Chains                                                  ; On           ; On            ;
; Auto Open-Drain Pins                                               ; On           ; On            ;
; Remove Duplicate Logic                                             ; On           ; On            ;
; Perform WYSIWYG Primitive Resynthesis                              ; Off          ; Off           ;
; Perform gate-level register retiming                               ; Off          ; Off           ;
; Allow register retiming to trade off Tsu/Tco with Fmax             ; On           ; On            ;
; Auto ROM Replacement                                               ; On           ; On            ;
; Auto RAM Replacement                                               ; On           ; On            ;
; Auto Shift Register Replacement                                    ; On           ; On            ;
; Auto Clock Enable Replacement                                      ; On           ; On            ;
; Allows Synchronous Control Signal Usage in Normal Mode Logic Cells ; On           ; On            ;
; Auto RAM Block Balancing                                           ; On           ; On            ;
; Auto Resource Sharing                                              ; Off          ; Off           ;
; Allow Any RAM Size For Recognition                                 ; Off          ; Off           ;
; Allow Any ROM Size For Recognition                                 ; Off          ; Off           ;
; Allow Any Shift Register Size For Recognition                      ; Off          ; Off           ;
; Maximum Number of M512 Memory Blocks                               ; -1           ; -1            ;
; Maximum Number of M4K Memory Blocks                                ; -1           ; -1            ;
; Maximum Number of M-RAM Memory Blocks                              ; -1           ; -1            ;
; Ignore translate_off and translate_on Synthesis Directives         ; Off          ; Off           ;
; Show Parameter Settings Tables in Synthesis Report                 ; On           ; On            ;
+--------------------------------------------------------------------+--------------+---------------+


+-----------------------------------------------------------------------------------------------------------------------------------------+
; Analysis & Synthesis Source Files Read                                                                                                  ;
+----------------------------------+-----------------+-----------------+------------------------------------------------------------------+
; File Name with User-Entered Path ; Used in Netlist ; File Type       ; File Name with Absolute Path                                     ;
+----------------------------------+-----------------+-----------------+------------------------------------------------------------------+
; shifter.vhd                      ; yes             ; User VHDL File  ; C:/Documents and Settings/Administrator/×ÀÃæ/shifter/shifter.vhd ;
+----------------------------------+-----------------+-----------------+------------------------------------------------------------------+


+---------------------------------------------+
; Analysis & Synthesis Resource Usage Summary ;
+---------------------------------+-----------+
; Resource                        ; Usage     ;
+---------------------------------+-----------+
; Total logic elements            ; 92        ;
; Total combinational functions   ; 68        ;
;     -- Total 4-input functions  ; 46        ;
;     -- Total 3-input functions  ; 16        ;
;     -- Total 2-input functions  ; 6         ;
;     -- Total 1-input functions  ; 0         ;
;     -- Total 0-input functions  ; 0         ;
; Combinational cells for routing ; 0         ;
; Total registers                 ; 32        ;
; I/O pins                        ; 24        ;
; Maximum fan-out node            ; clock     ;
; Maximum fan-out                 ; 32        ;
; Total fan-out                   ; 364       ;
; Average fan-out                 ; 3.14      ;
+---------------------------------+-----------+


+-------------------------------------------------------------------------------------------------------------------------------------------------------------------------------------------+
; Analysis & Synthesis Resource Utilization by Entity                                                                                                                                       ;
+----------------------------+-------------+--------------+-------------+------+--------------+--------------+-------------------+------------------+-----------------+---------------------+
; Compilation Hierarchy Node ; Logic Cells ; LC Registers ; Memory Bits ; Pins ; Virtual Pins ; LUT-Only LCs ; Register-Only LCs ; LUT/Register LCs ; Carry Chain LCs ; Full Hierarchy Name ;
+----------------------------+-------------+--------------+-------------+------+--------------+--------------+-------------------+------------------+-----------------+---------------------+
; |shifter                   ; 92 (92)     ; 32           ; 0           ; 24   ; 0            ; 60 (60)      ; 24 (24)           ; 8 (8)            ; 0 (0)           ; |shifter            ;
+----------------------------+-------------+--------------+-------------+------+--------------+--------------+-------------------+------------------+-----------------+---------------------+
Note: For table entries with two numbers listed, the numbers in parentheses indicate the number of resources of the given type used by the specific entity alone. The numbers listed outside of parentheses indicate the total resources of the given type used by the specific entity and all of its sub-entities in the hierarchy.


+------------------------------------------------------+
; General Register Statistics                          ;
+----------------------------------------------+-------+
; Statistic                                    ; Value ;
+----------------------------------------------+-------+
; Total registers                              ; 32    ;
; Number of registers using Synchronous Clear  ; 0     ;
; Number of registers using Synchronous Load   ; 8     ;
; Number of registers using Asynchronous Clear ; 0     ;
; Number of registers using Asynchronous Load  ; 8     ;
; Number of registers using Clock Enable       ; 24    ;
; Number of registers using Preset             ; 0     ;
+----------------------------------------------+-------+


+------------------------------------------------------------------------------------------------------------------------------------------+
; Multiplexer Restructuring Statistics (Restructuring Performed)                                                                           ;
+--------------------+-----------+---------------+----------------------+------------------------+------------+----------------------------+
; Multiplexer Inputs ; Bus Width ; Baseline Area ; Area if Restructured ; Saving if Restructured ; Registered ; Example Multiplexer Output ;
+--------------------+-----------+---------------+----------------------+------------------------+------------+----------------------------+
; 7:1                ; 4 bits    ; 16 LEs        ; 8 LEs                ; 8 LEs                  ; Yes        ; |shifter|data_out[4]~reg0  ;
; 7:1                ; 4 bits    ; 16 LEs        ; 8 LEs                ; 8 LEs                  ; Yes        ; |shifter|data_out[0]~reg0  ;
; 7:1                ; 4 bits    ; 16 LEs        ; 8 LEs                ; 8 LEs                  ; No         ; |shifter|Mux~12            ;
; 7:1                ; 6 bits    ; 24 LEs        ; 12 LEs               ; 12 LEs                 ; No         ; |shifter|Mux~3             ;
; 11:1               ; 2 bits    ; 14 LEs        ; 8 LEs                ; 6 LEs                  ; No         ; |shifter|Mux~14            ;
; 11:1               ; 2 bits    ; 14 LEs        ; 8 LEs                ; 6 LEs                  ; No         ; |shifter|Mux~9             ;
+--------------------+-----------+---------------+----------------------+------------------------+------------+----------------------------+


+--------------------------------+
; Analysis & Synthesis Equations ;
+--------------------------------+
The equations can be found in C:/Documents and Settings/Administrator/×ÀÃæ/shifter/shifter.map.eqn.


+-------------------------------+
; Analysis & Synthesis Messages ;
+-------------------------------+
Info: *******************************************************************
Info: Running Quartus II Analysis & Synthesis
    Info: Version 5.0 Build 148 04/26/2005 SJ Full Version
    Info: Processing started: Fri Nov 11 21:36:20 2016
Info: Command: quartus_map --read_settings_files=on --write_settings_files=off shifter -c shifter
Info: Found 2 design units, including 1 entities, in source file shifter.vhd
    Info: Found design unit 1: shifter-behav
    Info: Found entity 1: shifter
Info: Elaborating entity "shifter" for the top level hierarchy
Warning: VHDL Process Statement warning at shifter.vhd(29): signal "clock" is read inside the Process Statement but isn't in the Process Statement's sensivitity list
Info: Implemented 116 device resources after synthesis - the final resource count might be different
    Info: Implemented 16 input pins
    Info: Implemented 8 output pins
    Info: Implemented 92 logic cells
Info: Quartus II Analysis & Synthesis was successful. 0 errors, 1 warning
    Info: Processing ended: Fri Nov 11 21:36:22 2016
    Info: Elapsed time: 00:00:03


