EDA Netlist Writer report for shifter
Fri Nov 11 21:36:31 2016
Version 5.0 Build 148 04/26/2005 SJ Full Version


---------------------
; Table of Contents ;
---------------------
  1. Legal Notice
  2. EDA Netlist Writer Summary
  3. Simulation Tool Settings
  4. Simulation Tool Generated Files
  5. Timing Analysis Tool Settings
  6. Timing Analysis Tool Generated Files
  7. EDA Netlist Writer Messages



----------------
; Legal Notice ;
----------------
Copyright (C) 1991-2005 Altera Corporation
Your use of Altera Corporation's design tools, logic functions 
and other software and tools, and its AMPP partner logic       
functions, and any output files any of the foregoing           
(including device programming or simulation files), and any    
associated documentation or information are expressly subject  
to the terms and conditions of the Altera Program License      
Subscription Agreement, Altera MegaCore Function License       
Agreement, or other applicable license agreement, including,   
without limitation, that your use is for the sole purpose of   
programming logic devices manufactured by Altera and sold by   
Altera or its authorized distributors.  Please refer to the    
applicable agreement for further details.



+---------------------------------------------------------------------+
; EDA Netlist Writer Summary                                          ;
+-----------------------------+---------------------------------------+
; EDA Netlist Writer Status   ; Successful - Fri Nov 11 21:36:31 2016 ;
; Revision Name               ; shifter                               ;
; Top-level Entity Name       ; shifter                               ;
; Family                      ; Cyclone                               ;
; Simulation Tool Writer      ; Successful                            ;
; Timing Analysis Tool Writer ; Successful                            ;
+-----------------------------+---------------------------------------+


+------------------------------------------------------------------------+
; Simulation Tool Settings                                               ;
+------------------------------------------------------+-----------------+
; Option                                               ; Setting         ;
+------------------------------------------------------+-----------------+
; Tool Name                                            ; ModelSim (VHDL) ;
; Generate Netlist for Functional Simulation Only      ; Off             ;
; Time scale                                           ; 1 ps            ;
; Truncate long hierarchy paths                        ; Off             ;
; Map illegal HDL characters                           ; On              ;
; Flatten buses into individual nodes                  ; Off             ;
; Maintain hierarchy                                   ; Off             ;
; Bring out device-wide set/reset signals as ports     ; Off             ;
; Output Excalibur stripe as a single module or entity ; Off             ;
; Enable glitch filtering                              ; Off             ;
+------------------------------------------------------+-----------------+


+------------------------------------------------------------------------------------------+
; Simulation Tool Generated Files                                                          ;
+------------------------------------------------------------------------------------------+
; Generated Files                                                                          ;
+------------------------------------------------------------------------------------------+
; C:/Documents and Settings/Administrator/桌面/shifter/simulation/modelsim/shifter.vho     ;
; C:/Documents and Settings/Administrator/桌面/shifter/simulation/modelsim/shifter_vhd.sdo ;
+------------------------------------------------------------------------------------------+


+-------------------------------------------------------------------------+
; Timing Analysis Tool Settings                                           ;
+------------------------------------------------------+------------------+
; Option                                               ; Setting          ;
+------------------------------------------------------+------------------+
; Tool Name                                            ; PrimeTime (VHDL) ;
; Time scale                                           ; 1 ps             ;
; Truncate long hierarchy paths                        ; Off              ;
; Map illegal HDL characters                           ; On               ;
; Flatten buses into individual nodes                  ; Off              ;
; Output Excalibur stripe as a single module or entity ; Off              ;
+------------------------------------------------------+------------------+


+------------------------------------------------------------------------------------------+
; Timing Analysis Tool Generated Files                                                     ;
+------------------------------------------------------------------------------------------+
; Generated Files                                                                          ;
+------------------------------------------------------------------------------------------+
; C:/Documents and Settings/Administrator/桌面/shifter/timing/primetime/shifter.vho        ;
; C:/Documents and Settings/Administrator/桌面/shifter/timing/primetime/shifter_vhd.sdo    ;
; C:/Documents and Settings/Administrator/桌面/shifter/timing/primetime/shifter_pt_vhd.tcl ;
+------------------------------------------------------------------------------------------+


+-----------------------------+
; EDA Netlist Writer Messages ;
+-----------------------------+
Info: *******************************************************************
Info: Running Quartus II EDA Netlist Writer
    Info: Version 5.0 Build 148 04/26/2005 SJ Full Version
    Info: Processing started: Fri Nov 11 21:36:31 2016
Info: Command: quartus_eda --read_settings_files=off --write_settings_files=off shifter -c shifter
Info: Generated files "shifter.vho" and "shifter_vhd.sdo" in directory "C:/Documents and Settings/Administrator/桌面/shifter/simulation/modelsim/" for EDA simulation tool
Info: Generated files "shifter.vho" and "shifter_vhd.sdo" in directory "C:/Documents and Settings/Administrator/桌面/shifter/timing/primetime/" for EDA timing analysis tool
Info: Generated PrimeTime Tcl script file timing/primetime/shifter_pt_vhd.tcl
Info: Quartus II EDA Netlist Writer was successful. 0 errors, 0 warnings
    Info: Processing ended: Fri Nov 11 21:36:31 2016
    Info: Elapsed time: 00:00:01


